This is pdfTeX, Version 3.14159265-2.6-1.40.20 (TeX Live 2019/W32TeX) (preloaded format=pdflatex 2019.11.9)  26 NOV 2019 15:33
entering extended mode
 restricted \write18 enabled.
 %&-line parsing enabled.
**evaluate.tex
(./evaluate.tex
LaTeX2e <2018-12-01>
! Undefined control sequence.
l.2 \changefontsizes
                    [14pt]{12pt}
The control sequence at the end of the top line
of your error message was never \def'ed. If you have
misspelled it (e.g., `\hobx'), type `I' and the correct
spelling (e.g., `I\hbox'). Otherwise just continue,
and I'll forget about whatever was undefined.


! LaTeX Error: Missing \begin{document}.

See the LaTeX manual or LaTeX Companion for explanation.
Type  H <return>  for immediate help.
 ...                                              
                                                  
l.2 \changefontsizes[
                     14pt]{12pt}
You're in trouble here.  Try typing  <return>  to proceed.
If that doesn't work, type  X <return>  to quit.

Missing character: There is no [ in font nullfont!
Missing character: There is no 1 in font nullfont!
Missing character: There is no 4 in font nullfont!
Missing character: There is no p in font nullfont!
Missing character: There is no t in font nullfont!
Missing character: There is no ] in font nullfont!
Missing character: There is no 1 in font nullfont!
Missing character: There is no 2 in font nullfont!
Missing character: There is no p in font nullfont!
Missing character: There is no t in font nullfont!
Missing character: There is no T in font nullfont!

! Package inputenc Error: Unicode character Ổ (U+1ED4)
(inputenc)                not set up for use with LaTeX.

See the inputenc package documentation for explanation.
Type  H <return>  for immediate help.
 ...                                              
                                                  
l.3 ...TỔNG LIÊN ĐOÀN LAO ĐỘNG VIỆT NAM}
                                                  
You may provide a definition with
\DeclareUnicodeCharacter 

Missing character: There is no N in font nullfont!
Missing character: There is no G in font nullfont!
Missing character: There is no L in font nullfont!
Missing character: There is no I in font nullfont!
LaTeX Font Info:    Try loading font information for +cmr on input line 3.
LaTeX Font Info:    No file cmr.fd. on input line 3.

LaTeX Font Warning: Font shape `/cmr/m/n' undefined
(Font)              using `/cmr/m/n' instead on input line 3.

! Corrupted NFSS tables.
wrong@fontshape ...message {Corrupted NFSS tables}
                                                  error@fontshape else let f...
l.3 ...TỔNG LIÊN ĐOÀN LAO ĐỘNG VIỆT NAM}
                                                  
This error message was generated by an \errmessage
command, so I can't give any explicit help.
Pretend that you're Hercule Poirot: Examine all clues,
and deduce the truth by order and method.


LaTeX Font Warning: Font shape `/cmr/m/n' undefined
(Font)              using `OT1/cmr/m/n' instead on input line 3.

Missing character: There is no N in font nullfont!

! LaTeX Error: Command \DJ unavailable in encoding .

See the LaTeX manual or LaTeX Companion for explanation.
Type  H <return>  for immediate help.
 ...                                              
                                                  
l.3 ...TỔNG LIÊN ĐOÀN LAO ĐỘNG VIỆT NAM}
                                                  
Your command was ignored.
Type  I <command> <return>  to replace it with another command,
or  <return>  to continue without it.

Missing character: There is no O in font nullfont!
Missing character: There is no N in font nullfont!
Missing character: There is no L in font nullfont!
Missing character: There is no A in font nullfont!
Missing character: There is no O in font nullfont!

! LaTeX Error: Command \DJ unavailable in encoding .

See the LaTeX manual or LaTeX Companion for explanation.
Type  H <return>  for immediate help.
 ...                                              
                                                  
l.3 ...TỔNG LIÊN ĐOÀN LAO ĐỘNG VIỆT NAM}
                                                  
Your command was ignored.
Type  I <command> <return>  to replace it with another command,
or  <return>  to continue without it.


! Package inputenc Error: Unicode character Ộ (U+1ED8)
(inputenc)                not set up for use with LaTeX.

See the inputenc package documentation for explanation.
Type  H <return>  for immediate help.
 ...                                              
                                                  
l.3 ...TỔNG LIÊN ĐOÀN LAO ĐỘNG VIỆT NAM}
                                                  
You may provide a definition with
\DeclareUnicodeCharacter 

Missing character: There is no N in font nullfont!
Missing character: There is no G in font nullfont!
Missing character: There is no V in font nullfont!
Missing character: There is no I in font nullfont!

! Package inputenc Error: Unicode character Ệ (U+1EC6)
(inputenc)                not set up for use with LaTeX.

See the inputenc package documentation for explanation.
Type  H <return>  for immediate help.
 ...                                              
                                                  
l.3 ...TỔNG LIÊN ĐOÀN LAO ĐỘNG VIỆT NAM}
                                                  
You may provide a definition with
\DeclareUnicodeCharacter 

Missing character: There is no T in font nullfont!
Missing character: There is no N in font nullfont!
Missing character: There is no A in font nullfont!
Missing character: There is no M in font nullfont!

Overfull \hbox (20.0pt too wide) in paragraph at lines 2--4
[]
 []

! Undefined control sequence.
l.5 \changefontsizes
                    [14pt]{11pt}
The control sequence at the end of the top line
of your error message was never \def'ed. If you have
misspelled it (e.g., `\hobx'), type `I' and the correct
spelling (e.g., `I\hbox'). Otherwise just continue,
and I'll forget about whatever was undefined.


! LaTeX Error: Missing \begin{document}.

See the LaTeX manual or LaTeX Companion for explanation.
Type  H <return>  for immediate help.
 ...                                              
                                                  
l.5 \changefontsizes[
                     14pt]{11pt}
You're in trouble here.  Try typing  <return>  to proceed.
If that doesn't work, type  X <return>  to quit.

Missing character: There is no [ in font nullfont!
Missing character: There is no 1 in font nullfont!
Missing character: There is no 4 in font nullfont!
Missing character: There is no p in font nullfont!
Missing character: There is no t in font nullfont!
Missing character: There is no ] in font nullfont!
Missing character: There is no 1 in font nullfont!
Missing character: There is no 1 in font nullfont!
Missing character: There is no p in font nullfont!
Missing character: There is no t in font nullfont!

! Package inputenc Error: Unicode character Ư (U+01AF)
(inputenc)                not set up for use with LaTeX.

See the inputenc package documentation for explanation.
Type  H <return>  for immediate help.
 ...                                              
                                                  
l.6 ...RƯỜNG ĐẠI HỌC TÔN ĐỨC THẮNG}}
                                                  
You may provide a definition with
\DeclareUnicodeCharacter 


! Package inputenc Error: Unicode character Ờ (U+1EDC)
(inputenc)                not set up for use with LaTeX.

See the inputenc package documentation for explanation.
Type  H <return>  for immediate help.
 ...                                              
                                                  
l.6 ...RƯỜNG ĐẠI HỌC TÔN ĐỨC THẮNG}}
                                                  
You may provide a definition with
\DeclareUnicodeCharacter 


! LaTeX Error: Command \DJ unavailable in encoding OT1.

See the LaTeX manual or LaTeX Companion for explanation.
Type  H <return>  for immediate help.
 ...                                              
                                                  
l.6 ...RƯỜNG ĐẠI HỌC TÔN ĐỨC THẮNG}}
                                                  
Your command was ignored.
Type  I <command> <return>  to replace it with another command,
or  <return>  to continue without it.


! Package inputenc Error: Unicode character Ạ (U+1EA0)
(inputenc)                not set up for use with LaTeX.

See the inputenc package documentation for explanation.
Type  H <return>  for immediate help.
 ...                                              
                                                  
l.6 ...RƯỜNG ĐẠI HỌC TÔN ĐỨC THẮNG}}
                                                  
You may provide a definition with
\DeclareUnicodeCharacter 


! Package inputenc Error: Unicode character Ọ (U+1ECC)
(inputenc)                not set up for use with LaTeX.

See the inputenc package documentation for explanation.
Type  H <return>  for immediate help.
 ...                                              
                                                  
l.6 ...RƯỜNG ĐẠI HỌC TÔN ĐỨC THẮNG}}
                                                  
You may provide a definition with
\DeclareUnicodeCharacter 


! LaTeX Error: Command \DJ unavailable in encoding OT1.

See the LaTeX manual or LaTeX Companion for explanation.
Type  H <return>  for immediate help.
 ...                                              
                                                  
l.6 ...RƯỜNG ĐẠI HỌC TÔN ĐỨC THẮNG}}
                                                  
Your command was ignored.
Type  I <command> <return>  to replace it with another command,
or  <return>  to continue without it.


! Package inputenc Error: Unicode character Ứ (U+1EE8)
(inputenc)                not set up for use with LaTeX.

See the inputenc package documentation for explanation.
Type  H <return>  for immediate help.
 ...                                              
                                                  
l.6 ...RƯỜNG ĐẠI HỌC TÔN ĐỨC THẮNG}}
                                                  
You may provide a definition with
\DeclareUnicodeCharacter 


! Package inputenc Error: Unicode character Ắ (U+1EAE)
(inputenc)                not set up for use with LaTeX.

See the inputenc package documentation for explanation.
Type  H <return>  for immediate help.
 ...                                              
                                                  
l.6 ...RƯỜNG ĐẠI HỌC TÔN ĐỨC THẮNG}}
                                                  
You may provide a definition with
\DeclareUnicodeCharacter 


! Package inputenc Error: Unicode character Ệ (U+1EC6)
(inputenc)                not set up for use with LaTeX.

See the inputenc package documentation for explanation.
Type  H <return>  for immediate help.
 ...                                              
                                                  
l.7 ...line{\textbf{KHOA CÔNG NGHỆ THÔNG TIN}}
                                                  
You may provide a definition with
\DeclareUnicodeCharacter 


Overfull \hbox (20.0pt too wide) in paragraph at lines 5--8
[]
 []


! LaTeX Error: Missing \begin{document}.

See the LaTeX manual or LaTeX Companion for explanation.
Type  H <return>  for immediate help.
 ...                                              
                                                  
l.9 \begin{center}
                  
You're in trouble here.  Try typing  <return>  to proceed.
If that doesn't work, type  X <return>  to quit.


Overfull \hbox (20.0pt too wide) in paragraph at lines 9--9
[] 
 []


! LaTeX Error: Environment figure undefined.

See the LaTeX manual or LaTeX Companion for explanation.
Type  H <return>  for immediate help.
 ...                                              
                                                  
l.10 	\begin{figure}
                    [htp]
Your command was ignored.
Type  I <command> <return>  to replace it with another command,
or  <return>  to continue without it.

Missing character: There is no [ in font nullfont!
Missing character: There is no h in font nullfont!
Missing character: There is no t in font nullfont!
Missing character: There is no p in font nullfont!
Missing character: There is no ] in font nullfont!
! Undefined control sequence.
l.12 			\includegraphics
                        [scale=.2]{logo}
The control sequence at the end of the top line
of your error message was never \def'ed. If you have
misspelled it (e.g., `\hobx'), type `I' and the correct
spelling (e.g., `I\hbox'). Otherwise just continue,
and I'll forget about whatever was undefined.

Missing character: There is no [ in font nullfont!
Missing character: There is no s in font nullfont!
Missing character: There is no c in font nullfont!
Missing character: There is no a in font nullfont!
Missing character: There is no l in font nullfont!
Missing character: There is no e in font nullfont!
Missing character: There is no = in font nullfont!
Missing character: There is no . in font nullfont!
Missing character: There is no 2 in font nullfont!
Missing character: There is no ] in font nullfont!
Missing character: There is no l in font nullfont!
Missing character: There is no o in font nullfont!
Missing character: There is no g in font nullfont!
Missing character: There is no o in font nullfont!

! LaTeX Error: \begin{center} on input line 9 ended by \end{figure}.

See the LaTeX manual or LaTeX Companion for explanation.
Type  H <return>  for immediate help.
 ...                                              
                                                  
l.14 	\end{figure}
                  
Your command was ignored.
Type  I <command> <return>  to replace it with another command,
or  <return>  to continue without it.

! Undefined control sequence.
l.17 \changefontsizes
                     {16pt}
The control sequence at the end of the top line
of your error message was never \def'ed. If you have
misspelled it (e.g., `\hobx'), type `I' and the correct
spelling (e.g., `I\hbox'). Otherwise just continue,
and I'll forget about whatever was undefined.

Missing character: There is no 1 in font nullfont!
Missing character: There is no 6 in font nullfont!
Missing character: There is no p in font nullfont!
Missing character: There is no t in font nullfont!

! Package inputenc Error: Unicode character Ố (U+1ED0)
(inputenc)                not set up for use with LaTeX.

See the inputenc package documentation for explanation.
Type  H <return>  for immediate help.
 ...                                              
                                                  
l.18 ...extbf{BÁO CÁO CUỐI KỲ: PHÂN TÍCH}}
                                                  
You may provide a definition with
\DeclareUnicodeCharacter 


! Package inputenc Error: Unicode character Ỳ (U+1EF2)
(inputenc)                not set up for use with LaTeX.

See the inputenc package documentation for explanation.
Type  H <return>  for immediate help.
 ...                                              
                                                  
l.18 ...extbf{BÁO CÁO CUỐI KỲ: PHÂN TÍCH}}
                                                  
You may provide a definition with
\DeclareUnicodeCharacter 


Overfull \hbox (20.0pt too wide) in paragraph at lines 17--19
[]
 []


! Package inputenc Error: Unicode character Ế (U+1EBE)
(inputenc)                not set up for use with LaTeX.

See the inputenc package documentation for explanation.
Type  H <return>  for immediate help.
 ...                                              
                                                  
l.20 ...\textbf{ VÀ THIẾT KẾ GIẢI THUẬT}}
                                                  
You may provide a definition with
\DeclareUnicodeCharacter 


! Package inputenc Error: Unicode character Ế (U+1EBE)
(inputenc)                not set up for use with LaTeX.

See the inputenc package documentation for explanation.
Type  H <return>  for immediate help.
 ...                                              
                                                  
l.20 ...\textbf{ VÀ THIẾT KẾ GIẢI THUẬT}}
                                                  
You may provide a definition with
\DeclareUnicodeCharacter 


! Package inputenc Error: Unicode character Ả (U+1EA2)
(inputenc)                not set up for use with LaTeX.

See the inputenc package documentation for explanation.
Type  H <return>  for immediate help.
 ...                                              
                                                  
l.20 ...\textbf{ VÀ THIẾT KẾ GIẢI THUẬT}}
                                                  
You may provide a definition with
\DeclareUnicodeCharacter 


! Package inputenc Error: Unicode character Ậ (U+1EAC)
(inputenc)                not set up for use with LaTeX.

See the inputenc package documentation for explanation.
Type  H <return>  for immediate help.
 ...                                              
                                                  
l.20 ...\textbf{ VÀ THIẾT KẾ GIẢI THUẬT}}
                                                  
You may provide a definition with
\DeclareUnicodeCharacter 

! Undefined control sequence.
l.22 \changefontsizes
                     {24pt}
The control sequence at the end of the top line
of your error message was never \def'ed. If you have
misspelled it (e.g., `\hobx'), type `I' and the correct
spelling (e.g., `I\hbox'). Otherwise just continue,
and I'll forget about whatever was undefined.

Missing character: There is no 2 in font nullfont!
Missing character: There is no 4 in font nullfont!
Missing character: There is no p in font nullfont!
Missing character: There is no t in font nullfont!

! Package inputenc Error: Unicode character Ạ (U+1EA0)
(inputenc)                not set up for use with LaTeX.

See the inputenc package documentation for explanation.
Type  H <return>  for immediate help.
 ...                                              
                                                  
l.23 \centerline{\textbf{QUY HOẠCH ĐỘNG 1}}
                                                
You may provide a definition with
\DeclareUnicodeCharacter 


! LaTeX Error: Command \DJ unavailable in encoding OT1.

See the LaTeX manual or LaTeX Companion for explanation.
Type  H <return>  for immediate help.
 ...                                              
                                                  
l.23 \centerline{\textbf{QUY HOẠCH ĐỘNG 1}}
                                                
Your command was ignored.
Type  I <command> <return>  to replace it with another command,
or  <return>  to continue without it.


! Package inputenc Error: Unicode character Ộ (U+1ED8)
(inputenc)                not set up for use with LaTeX.

See the inputenc package documentation for explanation.
Type  H <return>  for immediate help.
 ...                                              
                                                  
l.23 \centerline{\textbf{QUY HOẠCH ĐỘNG 1}}
                                                
You may provide a definition with
\DeclareUnicodeCharacter 


Overfull \hbox (20.0pt too wide) in paragraph at lines 22--24
[]
 []


Overfull \hbox (20.0pt too wide) in paragraph at lines 29--29
[] 
 []

! Undefined control sequence.
l.31 	\changefontsizes
                      {14pt}
The control sequence at the end of the top line
of your error message was never \def'ed. If you have
misspelled it (e.g., `\hobx'), type `I' and the correct
spelling (e.g., `I\hbox'). Otherwise just continue,
and I'll forget about whatever was undefined.

Missing character: There is no 1 in font nullfont!
Missing character: There is no 4 in font nullfont!
Missing character: There is no p in font nullfont!
Missing character: There is no t in font nullfont!

! Package inputenc Error: Unicode character ư (U+01B0)
(inputenc)                not set up for use with LaTeX.

See the inputenc package documentation for explanation.
Type  H <return>  for immediate help.
 ...                                              
                                                  
l.32 	\textit{Người hướng dẫn: }
                                        \textbf{Ts Bùi Thanh Hùng}
You may provide a definition with
\DeclareUnicodeCharacter 


! Package inputenc Error: Unicode character ờ (U+1EDD)
(inputenc)                not set up for use with LaTeX.

See the inputenc package documentation for explanation.
Type  H <return>  for immediate help.
 ...                                              
                                                  
l.32 	\textit{Người hướng dẫn: }
                                        \textbf{Ts Bùi Thanh Hùng}
You may provide a definition with
\DeclareUnicodeCharacter 


! Package inputenc Error: Unicode character ư (U+01B0)
(inputenc)                not set up for use with LaTeX.

See the inputenc package documentation for explanation.
Type  H <return>  for immediate help.
 ...                                              
                                                  
l.32 	\textit{Người hướng dẫn: }
                                        \textbf{Ts Bùi Thanh Hùng}
You may provide a definition with
\DeclareUnicodeCharacter 


! Package inputenc Error: Unicode character ớ (U+1EDB)
(inputenc)                not set up for use with LaTeX.

See the inputenc package documentation for explanation.
Type  H <return>  for immediate help.
 ...                                              
                                                  
l.32 	\textit{Người hướng dẫn: }
                                        \textbf{Ts Bùi Thanh Hùng}
You may provide a definition with
\DeclareUnicodeCharacter 


! Package inputenc Error: Unicode character ẫ (U+1EAB)
(inputenc)                not set up for use with LaTeX.

See the inputenc package documentation for explanation.
Type  H <return>  for immediate help.
 ...                                              
                                                  
l.32 	\textit{Người hướng dẫn: }
                                        \textbf{Ts Bùi Thanh Hùng}
You may provide a definition with
\DeclareUnicodeCharacter 


Overfull \hbox (15.0999pt too wide) in paragraph at lines 31--34
 \OT1/cmr/m/it/10 Ngi
 []


Overfull \hbox (15.33324pt too wide) in paragraph at lines 31--34
 \OT1/cmr/m/it/10 hng
 []


Overfull \hbox (13.79993pt too wide) in paragraph at lines 31--34
 \OT1/cmr/m/it/10 dn:
 []


Overfull \hbox (12.53603pt too wide) in paragraph at lines 31--34
 \OT1/cmr/bx/n/10 Ts
 []


Overfull \hbox (17.7638pt too wide) in paragraph at lines 31--34
 \OT1/cmr/bx/n/10 B^^Rui
 []


Overfull \hbox (32.75674pt too wide) in paragraph at lines 31--34
 \OT1/cmr/bx/n/10 Thanh
 []


Overfull \hbox (27.52763pt too wide) in paragraph at lines 31--34
 \OT1/cmr/bx/n/10 H^^Rung
 []


! Package inputenc Error: Unicode character ư (U+01B0)
(inputenc)                not set up for use with LaTeX.

See the inputenc package documentation for explanation.
Type  H <return>  for immediate help.
 ...                                              
                                                  
l.35 	\textit{Người thực hiện: }
                                       \textbf{Trần Quốc Lĩnh - 51703124 }

You may provide a definition with
\DeclareUnicodeCharacter 


! Package inputenc Error: Unicode character ờ (U+1EDD)
(inputenc)                not set up for use with LaTeX.

See the inputenc package documentation for explanation.
Type  H <return>  for immediate help.
 ...                                              
                                                  
l.35 	\textit{Người thực hiện: }
                                       \textbf{Trần Quốc Lĩnh - 51703124 }

You may provide a definition with
\DeclareUnicodeCharacter 


! Package inputenc Error: Unicode character ự (U+1EF1)
(inputenc)                not set up for use with LaTeX.

See the inputenc package documentation for explanation.
Type  H <return>  for immediate help.
 ...                                              
                                                  
l.35 	\textit{Người thực hiện: }
                                       \textbf{Trần Quốc Lĩnh - 51703124 }

You may provide a definition with
\DeclareUnicodeCharacter 


! Package inputenc Error: Unicode character ệ (U+1EC7)
(inputenc)                not set up for use with LaTeX.

See the inputenc package documentation for explanation.
Type  H <return>  for immediate help.
 ...                                              
                                                  
l.35 	\textit{Người thực hiện: }
                                       \textbf{Trần Quốc Lĩnh - 51703124 }

You may provide a definition with
\DeclareUnicodeCharacter 


! Package inputenc Error: Unicode character ầ (U+1EA7)
(inputenc)                not set up for use with LaTeX.

See the inputenc package documentation for explanation.
Type  H <return>  for immediate help.
 ...                                              
                                                  
l.35 ... }\textbf{Trần Quốc Lĩnh - 51703124 }
                                                  
You may provide a definition with
\DeclareUnicodeCharacter 


! Package inputenc Error: Unicode character ố (U+1ED1)
(inputenc)                not set up for use with LaTeX.

See the inputenc package documentation for explanation.
Type  H <return>  for immediate help.
 ...                                              
                                                  
l.35 ... }\textbf{Trần Quốc Lĩnh - 51703124 }
                                                  
You may provide a definition with
\DeclareUnicodeCharacter 


Overfull \hbox (15.0999pt too wide) in paragraph at lines 35--36
 []\OT1/cmr/m/it/10 Ngi
 []


Overfull \hbox (13.03323pt too wide) in paragraph at lines 35--36
 \OT1/cmr/m/it/10 thc
 []


Overfull \hbox (16.86658pt too wide) in paragraph at lines 35--36
 \OT1/cmr/m/it/10 hin:
 []


Overfull \hbox (18.16658pt too wide) in paragraph at lines 35--36
 \OT1/cmr/bx/n/10 Trn
 []


Overfull \hbox (20.13878pt too wide) in paragraph at lines 35--36
 \OT1/cmr/bx/n/10 Quc
 []


Overfull \hbox (22.88876pt too wide) in paragraph at lines 35--36
 \OT1/cmr/bx/n/10 L~^^Pnh
 []


Overfull \hbox (3.83331pt too wide) in paragraph at lines 35--36
 \OT1/cmr/bx/n/10 -
 []


Overfull \hbox (45.99976pt too wide) in paragraph at lines 35--36
 \OT1/cmr/bx/n/10 51703124
 []


! Package inputenc Error: Unicode character ễ (U+1EC5)
(inputenc)                not set up for use with LaTeX.

See the inputenc package documentation for explanation.
Type  H <return>  for immediate help.
 ...                                              
                                                  
l.37 	\textbf{Nguyễn Lê Minh Khang - 51703110}
                                                 
You may provide a definition with
\DeclareUnicodeCharacter 


Overfull \hbox (33.59705pt too wide) in paragraph at lines 37--39
 []\OT1/cmr/bx/n/10 Nguyn
 []


Overfull \hbox (12.18744pt too wide) in paragraph at lines 37--39
 \OT1/cmr/bx/n/10 L^e
 []


Overfull \hbox (26.88875pt too wide) in paragraph at lines 37--39
 \OT1/cmr/bx/n/10 Minh
 []


Overfull \hbox (33.13174pt too wide) in paragraph at lines 37--39
 \OT1/cmr/bx/n/10 Khang
 []


Overfull \hbox (3.83331pt too wide) in paragraph at lines 37--39
 \OT1/cmr/bx/n/10 -
 []


Overfull \hbox (45.99976pt too wide) in paragraph at lines 37--39
 \OT1/cmr/bx/n/10 51703110
 []

Missing character: There is no K in font nullfont!
Missing character: There is no h in font nullfont!
Missing character: There is no o in font nullfont!
Missing character: There is no : in font nullfont!

Overfull \hbox (5.00002pt too wide) in paragraph at lines 40--42
 []\/cmr/m/n/10 ^^Sa
 []


Overfull \hbox (11.49994pt too wide) in paragraph at lines 40--42
 \OT1/cmr/bx/n/10 21
 []

! Undefined control sequence.
l.46 \changefontsizes
                     {14pt}
The control sequence at the end of the top line
of your error message was never \def'ed. If you have
misspelled it (e.g., `\hobx'), type `I' and the correct
spelling (e.g., `I\hbox'). Otherwise just continue,
and I'll forget about whatever was undefined.

Missing character: There is no 1 in font nullfont!
Missing character: There is no 4 in font nullfont!
Missing character: There is no p in font nullfont!
Missing character: There is no t in font nullfont!

! Package inputenc Error: Unicode character Ố (U+1ED0)
(inputenc)                not set up for use with LaTeX.

See the inputenc package documentation for explanation.
Type  H <return>  for immediate help.
 ...                                              
                                                  
l.47 ...f{THÀNH PHỐ HỒ CHÍ MINH, NĂM 2019}}
                                                  
You may provide a definition with
\DeclareUnicodeCharacter 


! Package inputenc Error: Unicode character Ồ (U+1ED2)
(inputenc)                not set up for use with LaTeX.

See the inputenc package documentation for explanation.
Type  H <return>  for immediate help.
 ...                                              
                                                  
l.47 ...f{THÀNH PHỐ HỒ CHÍ MINH, NĂM 2019}}
                                                  
You may provide a definition with
\DeclareUnicodeCharacter 


Overfull \hbox (20.0pt too wide) in paragraph at lines 46--48
[]
 []

)
! Emergency stop.
<*> evaluate.tex
                
*** (job aborted, no legal \end found)

 
Here is how much of TeX's memory you used:
 57 strings out of 492623
 518 string characters out of 6133290
 59775 words of memory out of 5000000
 4067 multiletter control sequences out of 15000+600000
 4294 words of font info for 16 fonts, out of 8000000 for 9000
 1141 hyphenation exceptions out of 8191
 18i,2n,17p,105b,124s stack positions out of 5000i,500n,10000p,200000b,80000s
!  ==> Fatal error occurred, no output PDF file produced!
