This is pdfTeX, Version 3.14159265-2.6-1.40.20 (TeX Live 2019/W32TeX) (preloaded format=pdflatex 2019.11.9)  28 NOV 2019 03:56
entering extended mode
 restricted \write18 enabled.
 %&-line parsing enabled.
**algorithm3.tex
(./algorithm3.tex
LaTeX2e <2018-12-01>

! LaTeX Error: Missing \begin{document}.

See the LaTeX manual or LaTeX Companion for explanation.
Type  H <return>  for immediate help.
 ...                                              
                                                  
l.2 \begin{minipage}{.9\linewidth}
                                  
You're in trouble here.  Try typing  <return>  to proceed.
If that doesn't work, type  X <return>  to quit.


! LaTeX Error: Environment algorithm undefined.

See the LaTeX manual or LaTeX Companion for explanation.
Type  H <return>  for immediate help.
 ...                                              
                                                  
l.3 	\begin{algorithm}
                      [H]
Your command was ignored.
Type  I <command> <return>  to replace it with another command,
or  <return>  to continue without it.

Missing character: There is no [ in font nullfont!
Missing character: There is no H in font nullfont!
Missing character: There is no ] in font nullfont!
! Undefined control sequence.
l.4 		\SetKwInOut
                 {Input}{Đầu vào}
The control sequence at the end of the top line
of your error message was never \def'ed. If you have
misspelled it (e.g., `\hobx'), type `I' and the correct
spelling (e.g., `I\hbox'). Otherwise just continue,
and I'll forget about whatever was undefined.

Missing character: There is no I in font nullfont!
Missing character: There is no n in font nullfont!
Missing character: There is no p in font nullfont!
Missing character: There is no u in font nullfont!
Missing character: There is no t in font nullfont!

! LaTeX Error: Command \DJ unavailable in encoding .

See the LaTeX manual or LaTeX Companion for explanation.
Type  H <return>  for immediate help.
 ...                                              
                                                  
l.4 		\SetKwInOut{Input}{Đ
                           ầu vào}
Your command was ignored.
Type  I <command> <return>  to replace it with another command,
or  <return>  to continue without it.


! Package inputenc Error: Unicode character ầ (U+1EA7)
(inputenc)                not set up for use with LaTeX.

See the inputenc package documentation for explanation.
Type  H <return>  for immediate help.
 ...                                              
                                                  
l.4 		\SetKwInOut{Input}{Đầ
                              u vào}
You may provide a definition with
\DeclareUnicodeCharacter 

Missing character: There is no u in font nullfont!
Missing character: There is no v in font nullfont!
LaTeX Font Info:    Try loading font information for +cmr on input line 4.
LaTeX Font Info:    No file cmr.fd. on input line 4.

LaTeX Font Warning: Font shape `/cmr/m/n' undefined
(Font)              using `/cmr/m/n' instead on input line 4.

! Corrupted NFSS tables.
wrong@fontshape ...message {Corrupted NFSS tables}
                                                  error@fontshape else let f...
l.4 		\SetKwInOut{Input}{Đầu và
                                   o}
This error message was generated by an \errmessage
command, so I can't give any explicit help.
Pretend that you're Hercule Poirot: Examine all clues,
and deduce the truth by order and method.


LaTeX Font Warning: Font shape `/cmr/m/n' undefined
(Font)              using `OT1/cmr/m/n' instead on input line 4.

Missing character: There is no o in font nullfont!
! Undefined control sequence.
l.5 		\SetKwInOut
                 {Output}{Đầu ra}
The control sequence at the end of the top line
of your error message was never \def'ed. If you have
misspelled it (e.g., `\hobx'), type `I' and the correct
spelling (e.g., `I\hbox'). Otherwise just continue,
and I'll forget about whatever was undefined.

Missing character: There is no O in font nullfont!
Missing character: There is no u in font nullfont!
Missing character: There is no t in font nullfont!
Missing character: There is no p in font nullfont!
Missing character: There is no u in font nullfont!
Missing character: There is no t in font nullfont!

! LaTeX Error: Command \DJ unavailable in encoding .

See the LaTeX manual or LaTeX Companion for explanation.
Type  H <return>  for immediate help.
 ...                                              
                                                  
l.5 		\SetKwInOut{Output}{Đ
                            ầu ra}
Your command was ignored.
Type  I <command> <return>  to replace it with another command,
or  <return>  to continue without it.


! Package inputenc Error: Unicode character ầ (U+1EA7)
(inputenc)                not set up for use with LaTeX.

See the inputenc package documentation for explanation.
Type  H <return>  for immediate help.
 ...                                              
                                                  
l.5 		\SetKwInOut{Output}{Đầ
                               u ra}
You may provide a definition with
\DeclareUnicodeCharacter 

Missing character: There is no u in font nullfont!
Missing character: There is no r in font nullfont!
Missing character: There is no a in font nullfont!
! Undefined control sequence.
l.6 		\SetKwProg
                {Algorithm}{function inf\_tree}{}{}
The control sequence at the end of the top line
of your error message was never \def'ed. If you have
misspelled it (e.g., `\hobx'), type `I' and the correct
spelling (e.g., `I\hbox'). Otherwise just continue,
and I'll forget about whatever was undefined.

Missing character: There is no A in font nullfont!
Missing character: There is no l in font nullfont!
Missing character: There is no g in font nullfont!
Missing character: There is no o in font nullfont!
Missing character: There is no r in font nullfont!
Missing character: There is no i in font nullfont!
Missing character: There is no t in font nullfont!
Missing character: There is no h in font nullfont!
Missing character: There is no m in font nullfont!
Missing character: There is no f in font nullfont!
Missing character: There is no u in font nullfont!
Missing character: There is no n in font nullfont!
Missing character: There is no c in font nullfont!
Missing character: There is no t in font nullfont!
Missing character: There is no i in font nullfont!
Missing character: There is no o in font nullfont!
Missing character: There is no n in font nullfont!
Missing character: There is no i in font nullfont!
Missing character: There is no n in font nullfont!
Missing character: There is no f in font nullfont!
Missing character: There is no t in font nullfont!
Missing character: There is no r in font nullfont!
Missing character: There is no e in font nullfont!
Missing character: There is no e in font nullfont!
! Undefined control sequence.
l.7 		\Algorithm
                {$(str, crr\_val)$}
The control sequence at the end of the top line
of your error message was never \def'ed. If you have
misspelled it (e.g., `\hobx'), type `I' and the correct
spelling (e.g., `I\hbox'). Otherwise just continue,
and I'll forget about whatever was undefined.

LaTeX Font Info:    External font `cmex10' loaded for size
(Font)              <7> on input line 7.
LaTeX Font Info:    External font `cmex10' loaded for size
(Font)              <5> on input line 7.
! Undefined control sequence.
l.9 			\Input
             {1 chuỗi lưu các node và 1 biến lưu giá trị}
The control sequence at the end of the top line
of your error message was never \def'ed. If you have
misspelled it (e.g., `\hobx'), type `I' and the correct
spelling (e.g., `I\hbox'). Otherwise just continue,
and I'll forget about whatever was undefined.

Missing character: There is no 1 in font nullfont!
Missing character: There is no c in font nullfont!
Missing character: There is no h in font nullfont!
Missing character: There is no u in font nullfont!

! Package inputenc Error: Unicode character ỗ (U+1ED7)
(inputenc)                not set up for use with LaTeX.

See the inputenc package documentation for explanation.
Type  H <return>  for immediate help.
 ...                                              
                                                  
l.9 			\Input{1 chuỗ
                      i lưu các node và 1 biến lưu giá trị}
You may provide a definition with
\DeclareUnicodeCharacter 

Missing character: There is no i in font nullfont!
Missing character: There is no l in font nullfont!

! Package inputenc Error: Unicode character ư (U+01B0)
(inputenc)                not set up for use with LaTeX.

See the inputenc package documentation for explanation.
Type  H <return>  for immediate help.
 ...                                              
                                                  
l.9 			\Input{1 chuỗi lư
                           u các node và 1 biến lưu giá trị}
You may provide a definition with
\DeclareUnicodeCharacter 

Missing character: There is no u in font nullfont!
Missing character: There is no c in font nullfont!
Missing character: There is no c in font nullfont!
Missing character: There is no n in font nullfont!
Missing character: There is no o in font nullfont!
Missing character: There is no d in font nullfont!
Missing character: There is no e in font nullfont!
Missing character: There is no v in font nullfont!
Missing character: There is no 1 in font nullfont!
Missing character: There is no b in font nullfont!
Missing character: There is no i in font nullfont!

! Package inputenc Error: Unicode character ế (U+1EBF)
(inputenc)                not set up for use with LaTeX.

See the inputenc package documentation for explanation.
Type  H <return>  for immediate help.
 ...                                              
                                                  
l.9 			\Input{1 chuỗi lưu các node và 1 biế
                                                  n lưu giá trị}
You may provide a definition with
\DeclareUnicodeCharacter 

Missing character: There is no n in font nullfont!
Missing character: There is no l in font nullfont!

! Package inputenc Error: Unicode character ư (U+01B0)
(inputenc)                not set up for use with LaTeX.

See the inputenc package documentation for explanation.
Type  H <return>  for immediate help.
 ...                                              
                                                  
l.9 ...t{1 chuỗi lưu các node và 1 biến lư
                                                  u giá trị}
You may provide a definition with
\DeclareUnicodeCharacter 

Missing character: There is no u in font nullfont!
Missing character: There is no g in font nullfont!
Missing character: There is no i in font nullfont!
Missing character: There is no t in font nullfont!
Missing character: There is no r in font nullfont!

! Package inputenc Error: Unicode character ị (U+1ECB)
(inputenc)                not set up for use with LaTeX.

See the inputenc package documentation for explanation.
Type  H <return>  for immediate help.
 ...                                              
                                                  
l.9 ...lưu các node và 1 biến lưu giá trị
                                                  }
You may provide a definition with
\DeclareUnicodeCharacter 

! Undefined control sequence.
l.10 			\Output
               {Giá trị cuối cùng của chuyến dạo chơi}
The control sequence at the end of the top line
of your error message was never \def'ed. If you have
misspelled it (e.g., `\hobx'), type `I' and the correct
spelling (e.g., `I\hbox'). Otherwise just continue,
and I'll forget about whatever was undefined.

Missing character: There is no G in font nullfont!
Missing character: There is no i in font nullfont!
Missing character: There is no t in font nullfont!
Missing character: There is no r in font nullfont!

! Package inputenc Error: Unicode character ị (U+1ECB)
(inputenc)                not set up for use with LaTeX.

See the inputenc package documentation for explanation.
Type  H <return>  for immediate help.
 ...                                              
                                                  
l.10 			\Output{Giá trị
                           cuối cùng của chuyến dạo chơi}
You may provide a definition with
\DeclareUnicodeCharacter 

Missing character: There is no c in font nullfont!
Missing character: There is no u in font nullfont!

! Package inputenc Error: Unicode character ố (U+1ED1)
(inputenc)                not set up for use with LaTeX.

See the inputenc package documentation for explanation.
Type  H <return>  for immediate help.
 ...                                              
                                                  
l.10 			\Output{Giá trị cuố
                                i cùng của chuyến dạo chơi}
You may provide a definition with
\DeclareUnicodeCharacter 

Missing character: There is no i in font nullfont!
Missing character: There is no c in font nullfont!
Missing character: There is no n in font nullfont!
Missing character: There is no g in font nullfont!
Missing character: There is no c in font nullfont!

! Package inputenc Error: Unicode character ủ (U+1EE7)
(inputenc)                not set up for use with LaTeX.

See the inputenc package documentation for explanation.
Type  H <return>  for immediate help.
 ...                                              
                                                  
l.10 			\Output{Giá trị cuối cùng củ
                                            a chuyến dạo chơi}
You may provide a definition with
\DeclareUnicodeCharacter 

Missing character: There is no a in font nullfont!
Missing character: There is no c in font nullfont!
Missing character: There is no h in font nullfont!
Missing character: There is no u in font nullfont!
Missing character: There is no y in font nullfont!

! Package inputenc Error: Unicode character ế (U+1EBF)
(inputenc)                not set up for use with LaTeX.

See the inputenc package documentation for explanation.
Type  H <return>  for immediate help.
 ...                                              
                                                  
l.10 ...tput{Giá trị cuối cùng của chuyế
                                                  n dạo chơi}
You may provide a definition with
\DeclareUnicodeCharacter 

Missing character: There is no n in font nullfont!
Missing character: There is no d in font nullfont!

! Package inputenc Error: Unicode character ạ (U+1EA1)
(inputenc)                not set up for use with LaTeX.

See the inputenc package documentation for explanation.
Type  H <return>  for immediate help.
 ...                                              
                                                  
l.10 ...iá trị cuối cùng của chuyến dạ
                                                  o chơi}
You may provide a definition with
\DeclareUnicodeCharacter 

Missing character: There is no o in font nullfont!
Missing character: There is no c in font nullfont!
Missing character: There is no h in font nullfont!

! Package inputenc Error: Unicode character ơ (U+01A1)
(inputenc)                not set up for use with LaTeX.

See the inputenc package documentation for explanation.
Type  H <return>  for immediate help.
 ...                                              
                                                  
l.10 ...ị cuối cùng của chuyến dạo chơ
                                                  i}
You may provide a definition with
\DeclareUnicodeCharacter 

Missing character: There is no i in font nullfont!

Overfull \hbox (10.00003pt too wide) in paragraph at lines 3--11
\/cmr/m/n/10 ^^Ra
 []


Overfull \hbox (52.3334pt too wide) in paragraph at lines 3--11
\/cmr/m/n/10 (\OML/cmm/m/it/10 str; crr[]val\/cmr/m/n/10 )$
 []


Overfull \hbox (5.00002pt too wide) in paragraph at lines 3--11
\/cmr/m/n/10 ^^Sa
 []


Overfull \hbox (5.00002pt too wide) in paragraph at lines 3--11
\/cmr/m/n/10 ^^Ra
 []


Overfull \hbox (5.00002pt too wide) in paragraph at lines 3--11
\/cmr/m/n/10 ^^Sa
 []


Overfull \hbox (5.00002pt too wide) in paragraph at lines 3--11
\/cmr/m/n/10 ^^Sa
 []


Overfull \hbox (5.55557pt too wide) in paragraph at lines 3--11
\/cmr/m/n/10 ^^Ru
 []

! Undefined control sequence.
l.12 			\If
           {$str$\textbf{.isEmpty()}}
The control sequence at the end of the top line
of your error message was never \def'ed. If you have
misspelled it (e.g., `\hobx'), type `I' and the correct
spelling (e.g., `I\hbox'). Otherwise just continue,
and I'll forget about whatever was undefined.

Missing character: There is no ; in font nullfont!

Overfull \hbox (66.70712pt too wide) in paragraph at lines 12--14
[]$\OML/cmm/m/it/10 str$\OT1/cmr/bx/n/10 .isEmpty()
 []


Overfull \hbox (13.84023pt too wide) in paragraph at lines 12--14
\OT1/cmr/bx/n/10 re-
 []


Overfull \hbox (21.98601pt too wide) in paragraph at lines 12--14
\OT1/cmr/bx/n/10 turn
 []


Overfull \hbox (27.57877pt too wide) in paragraph at lines 12--14
\OML/cmm/m/it/10 crr[]val$ 
 []

Missing character: There is no ; in font nullfont!

Overfull \hbox (41.25pt too wide) in paragraph at lines 15--17
[]$\OML/cmm/m/it/10 crr[]pos \OMS/cmsy/m/n/10  
 []


Overfull \hbox (23.64357pt too wide) in paragraph at lines 15--17
\OML/cmm/m/it/10 str\/cmr/m/n/10 [0]$ 
 []


Overfull \hbox (82.54764pt too wide) in paragraph at lines 15--17
\OML/cmm/m/it/10 str:Remove\/cmr/m/n/10 (\OML/cmm/m/it/10 str\/cmr/m/n/10 [0])$
 
 []

! Undefined control sequence.
l.18 			\If
           {$crr\_pos = $ 'P'}
The control sequence at the end of the top line
of your error message was never \def'ed. If you have
misspelled it (e.g., `\hobx'), type `I' and the correct
spelling (e.g., `I\hbox'). Otherwise just continue,
and I'll forget about whatever was undefined.

Missing character: There is no ' in font nullfont!
Missing character: There is no P in font nullfont!
Missing character: There is no ' in font nullfont!
Missing character: There is no i in font nullfont!
Missing character: There is no n in font nullfont!
Missing character: There is no f in font nullfont!
Missing character: There is no t in font nullfont!
Missing character: There is no r in font nullfont!
Missing character: There is no e in font nullfont!
Missing character: There is no e in font nullfont!
Missing character: There is no ( in font nullfont!
Missing character: There is no ) in font nullfont!
Missing character: There is no ; in font nullfont!
! Undefined control sequence.
l.21 			\ElseIf
               {$crr\_pos = $ 'L'}{
The control sequence at the end of the top line
of your error message was never \def'ed. If you have
misspelled it (e.g., `\hobx'), type `I' and the correct
spelling (e.g., `I\hbox'). Otherwise just continue,
and I'll forget about whatever was undefined.

Missing character: There is no ' in font nullfont!
Missing character: There is no L in font nullfont!
Missing character: There is no ' in font nullfont!
Missing character: There is no i in font nullfont!
Missing character: There is no n in font nullfont!
Missing character: There is no f in font nullfont!
Missing character: There is no t in font nullfont!
Missing character: There is no r in font nullfont!
Missing character: There is no e in font nullfont!
Missing character: There is no e in font nullfont!
Missing character: There is no ( in font nullfont!
Missing character: There is no ) in font nullfont!
Missing character: There is no ; in font nullfont!
! Undefined control sequence.
l.24 			\ElseIf
               {$crr\_pos = $ 'R'}{
The control sequence at the end of the top line
of your error message was never \def'ed. If you have
misspelled it (e.g., `\hobx'), type `I' and the correct
spelling (e.g., `I\hbox'). Otherwise just continue,
and I'll forget about whatever was undefined.

Missing character: There is no ' in font nullfont!
Missing character: There is no R in font nullfont!
Missing character: There is no ' in font nullfont!
Missing character: There is no i in font nullfont!
Missing character: There is no n in font nullfont!
Missing character: There is no f in font nullfont!
Missing character: There is no t in font nullfont!
Missing character: There is no r in font nullfont!
Missing character: There is no e in font nullfont!
Missing character: There is no e in font nullfont!
Missing character: There is no ( in font nullfont!
Missing character: There is no ) in font nullfont!
Missing character: There is no ; in font nullfont!
! Undefined control sequence.
l.27 			\ElseIf
               {$crr\_pos = $ '*'}{
The control sequence at the end of the top line
of your error message was never \def'ed. If you have
misspelled it (e.g., `\hobx'), type `I' and the correct
spelling (e.g., `I\hbox'). Otherwise just continue,
and I'll forget about whatever was undefined.

Missing character: There is no ' in font nullfont!
Missing character: There is no * in font nullfont!
Missing character: There is no ' in font nullfont!
Missing character: There is no i in font nullfont!
Missing character: There is no n in font nullfont!
Missing character: There is no f in font nullfont!
Missing character: There is no t in font nullfont!
Missing character: There is no r in font nullfont!
Missing character: There is no e in font nullfont!
Missing character: There is no e in font nullfont!
Missing character: There is no ( in font nullfont!
Missing character: There is no ) in font nullfont!
Missing character: There is no i in font nullfont!
Missing character: There is no n in font nullfont!
Missing character: There is no f in font nullfont!
Missing character: There is no t in font nullfont!
Missing character: There is no r in font nullfont!
Missing character: There is no e in font nullfont!
Missing character: There is no e in font nullfont!
Missing character: There is no ( in font nullfont!
Missing character: There is no ) in font nullfont!
Missing character: There is no i in font nullfont!
Missing character: There is no n in font nullfont!
Missing character: There is no f in font nullfont!
Missing character: There is no t in font nullfont!
Missing character: There is no r in font nullfont!
Missing character: There is no e in font nullfont!
Missing character: There is no e in font nullfont!
Missing character: There is no ( in font nullfont!
Missing character: There is no ) in font nullfont!
Missing character: There is no ; in font nullfont!

Overfull \hbox (39.02779pt too wide) in paragraph at lines 18--33
[]$\OML/cmm/m/it/10 crr[]pos \/cmr/m/n/10 =$
 []


Overfull \hbox (13.84023pt too wide) in paragraph at lines 18--33
\OT1/cmr/bx/n/10 re-
 []


Overfull \hbox (21.98601pt too wide) in paragraph at lines 18--33
\OT1/cmr/bx/n/10 turn
 []


Overfull \hbox (44.5556pt too wide) in paragraph at lines 18--33
[]$\OML/cmm/m/it/10 str; crr[]val$
 []


Overfull \hbox (39.02779pt too wide) in paragraph at lines 18--33
\OML/cmm/m/it/10 crr[]pos \/cmr/m/n/10 =$
 []


Overfull \hbox (13.84023pt too wide) in paragraph at lines 18--33
\OT1/cmr/bx/n/10 re-
 []


Overfull \hbox (21.98601pt too wide) in paragraph at lines 18--33
\OT1/cmr/bx/n/10 turn
 []


Overfull \hbox (52.3334pt too wide) in paragraph at lines 18--33
[]$\OML/cmm/m/it/10 str; crr[]val \OMS/cmsy/m/n/10 ^^B
 []


Overfull \hbox (5.00002pt too wide) in paragraph at lines 18--33
\/cmr/m/n/10 2$
 []


Overfull \hbox (39.02779pt too wide) in paragraph at lines 18--33
\OML/cmm/m/it/10 crr[]pos \/cmr/m/n/10 =$
 []


Overfull \hbox (13.84023pt too wide) in paragraph at lines 18--33
\OT1/cmr/bx/n/10 re-
 []


Overfull \hbox (21.98601pt too wide) in paragraph at lines 18--33
\OT1/cmr/bx/n/10 turn
 []


Overfull \hbox (52.3334pt too wide) in paragraph at lines 18--33
[]$\OML/cmm/m/it/10 str; crr[]val \OMS/cmsy/m/n/10 ^^B
 []


Overfull \hbox (12.77782pt too wide) in paragraph at lines 18--33
\/cmr/m/n/10 2 +
 []


Overfull \hbox (5.00002pt too wide) in paragraph at lines 18--33
\/cmr/m/n/10 1$
 []


Overfull \hbox (39.02779pt too wide) in paragraph at lines 18--33
\OML/cmm/m/it/10 crr[]pos \/cmr/m/n/10 =$
 []


Overfull \hbox (65.14236pt too wide) in paragraph at lines 18--33
\OML/cmm/m/it/10 P \OMS/cmsy/m/n/10  $[]$\OML/cmm/m/it/10 str; crr[]val$ 
 []


Overfull \hbox (71.9167pt too wide) in paragraph at lines 18--33
\OML/cmm/m/it/10 L \OMS/cmsy/m/n/10  $[]$\OML/cmm/m/it/10 str; crr[]val \OMS/cm
sy/m/n/10 ^^B
 []


Overfull \hbox (5.00002pt too wide) in paragraph at lines 18--33
\/cmr/m/n/10 2$ 
 []


Overfull \hbox (72.78128pt too wide) in paragraph at lines 18--33
\OML/cmm/m/it/10 R \OMS/cmsy/m/n/10  $[]$\OML/cmm/m/it/10 str; crr[]val \OMS/cm
sy/m/n/10 ^^B
 []


Overfull \hbox (12.77782pt too wide) in paragraph at lines 18--33
\/cmr/m/n/10 2 +
 []


Overfull \hbox (5.00002pt too wide) in paragraph at lines 18--33
\/cmr/m/n/10 1$ 
 []


Overfull \hbox (31.99292pt too wide) in paragraph at lines 18--33
\OT1/cmr/bx/n/10 return
 []


Overfull \hbox (15.58684pt too wide) in paragraph at lines 18--33
\OML/cmm/m/it/10 P \/cmr/m/n/10 +
 []


Overfull \hbox (14.58337pt too wide) in paragraph at lines 18--33
\OML/cmm/m/it/10 L \/cmr/m/n/10 +
 []


Overfull \hbox (7.67015pt too wide) in paragraph at lines 18--33
\OML/cmm/m/it/10 R$
 []


! LaTeX Error: \caption outside float.

See the LaTeX manual or LaTeX Companion for explanation.
Type  H <return>  for immediate help.
 ...                                              
                                                  
l.35 		\caption
               {Chuỗi con chung dài nhất}
You're in trouble here.  Try typing  <return>  to proceed.
If that doesn't work, type  X <return>  to quit.

Missing character: There is no C in font nullfont!
Missing character: There is no h in font nullfont!
Missing character: There is no u in font nullfont!

! Package inputenc Error: Unicode character ỗ (U+1ED7)
(inputenc)                not set up for use with LaTeX.

See the inputenc package documentation for explanation.
Type  H <return>  for immediate help.
 ...                                              
                                                  
l.35 		\caption{Chuỗ
                      i con chung dài nhất}
You may provide a definition with
\DeclareUnicodeCharacter 

Missing character: There is no i in font nullfont!
Missing character: There is no c in font nullfont!
Missing character: There is no o in font nullfont!
Missing character: There is no n in font nullfont!
Missing character: There is no c in font nullfont!
Missing character: There is no h in font nullfont!
Missing character: There is no u in font nullfont!
Missing character: There is no n in font nullfont!
Missing character: There is no g in font nullfont!
Missing character: There is no d in font nullfont!
Missing character: There is no i in font nullfont!
Missing character: There is no n in font nullfont!
Missing character: There is no h in font nullfont!

! Package inputenc Error: Unicode character ấ (U+1EA5)
(inputenc)                not set up for use with LaTeX.

See the inputenc package documentation for explanation.
Type  H <return>  for immediate help.
 ...                                              
                                                  
l.35 		\caption{Chuỗi con chung dài nhấ
                                            t}
You may provide a definition with
\DeclareUnicodeCharacter 

Missing character: There is no t in font nullfont!

! LaTeX Error: \begin{minipage} on input line 2 ended by \end{algorithm}.

See the LaTeX manual or LaTeX Companion for explanation.
Type  H <return>  for immediate help.
 ...                                              
                                                  
l.37 	\end{algorithm}
                     
Your command was ignored.
Type  I <command> <return>  to replace it with another command,
or  <return>  to continue without it.


Overfull \hbox (5.00002pt too wide) in paragraph at lines 35--38
\/cmr/m/n/10 ^^Ra
 []


Overfull \hbox (20.0pt too wide) in paragraph at lines 2--39
[]$[]$ 
 []

)
! Emergency stop.
<*> algorithm3.tex
                  
*** (job aborted, no legal \end found)

 
Here is how much of TeX's memory you used:
 34 strings out of 492623
 377 string characters out of 6133290
 59032 words of memory out of 5000000
 4045 multiletter control sequences out of 15000+600000
 3948 words of font info for 15 fonts, out of 8000000 for 9000
 1141 hyphenation exceptions out of 8191
 18i,6n,16p,108b,154s stack positions out of 5000i,500n,10000p,200000b,80000s
!  ==> Fatal error occurred, no output PDF file produced!
