This is pdfTeX, Version 3.14159265-2.6-1.40.20 (TeX Live 2019/Debian) (preloaded format=pdflatex 2020.8.12)  15 AUG 2020 11:08
entering extended mode
 restricted \write18 enabled.
 %&-line parsing enabled.
**tomtat.tex
(./tomtat.tex
LaTeX2e <2020-02-02> patch level 2
L3 programming layer <2020-02-14>
! Undefined control sequence.
l.1 {\large
            }T√≥m t·∫Øt
The control sequence at the end of the top line
of your error message was never \def'ed. If you have
misspelled it (e.g., `\hobx'), type `I' and the correct
spelling (e.g., `I\hbox'). Otherwise just continue,
and I'll forget about whatever was undefined.


! LaTeX Error: Missing \begin{document}.

See the LaTeX manual or LaTeX Companion for explanation.
Type  H <return>  for immediate help.
 ...                                              
                                                  
l.1 {\large }T
              √≥m t·∫Øt
You're in trouble here.  Try typing  <return>  to proceed.
If that doesn't work, type  X <return>  to quit.

Missing character: There is no T in font nullfont!
LaTeX Font Info:    Trying to load font information for +cmr on input line 1.
LaTeX Font Info:    No file cmr.fd. on input line 1.

LaTeX Font Warning: Font shape `/cmr/m/n' undefined
(Font)              using `/cmr/m/n' instead on input line 1.

! Corrupted NFSS tables.
wrong@fontshape ...message {Corrupted NFSS tables}
                                                  error@fontshape else let f...
l.1 {\large }T√≥
                m t·∫Øt
This error message was generated by an \errmessage
command, so I can't give any explicit help.
Pretend that you're Hercule Poirot: Examine all clues,
and deduce the truth by order and method.


LaTeX Font Warning: Font shape `/cmr/m/n' undefined
(Font)              using `OT1/cmr/m/n' instead on input line 1.

Missing character: There is no m in font nullfont!
Missing character: There is no t in font nullfont!

! Package inputenc Error: Unicode character ·∫Ø (U+1EAF)
(inputenc)                not set up for use with LaTeX.

See the inputenc package documentation for explanation.
Type  H <return>  for immediate help.
 ...                                              
                                                  
l.1 {\large }T√≥m t·∫Ø
                      t
You may provide a definition with
\DeclareUnicodeCharacter 

Missing character: There is no t in font nullfont!

Overfull \hbox (30.00003pt too wide) in paragraph at lines 1--2
[]\/cmr/m/n/10 ^^So
 []


! Package inputenc Error: Unicode character ·ªû (U+1EDE)
(inputenc)                not set up for use with LaTeX.

See the inputenc package documentation for explanation.
Type  H <return>  for immediate help.
 ...                                              
                                                  
l.4 ·ªû
        b√†i b√°o c√°o tr∆∞·ªõc em ƒë√£ tr√¨nh b√†i m·ªôt c√°i t·ªïng qu√°t ...

You may provide a definition with
\DeclareUnicodeCharacter 


! LaTeX Error: Missing \begin{document}.

See the LaTeX manual or LaTeX Companion for explanation.
Type  H <return>  for immediate help.
 ...                                              
                                                  
l.4 ·ªû b
         √†i b√°o c√°o tr∆∞·ªõc em ƒë√£ tr√¨nh b√†i m·ªôt c√°i t·ªïng qu√°t ...

You're in trouble here.  Try typing  <return>  to proceed.
If that doesn't work, type  X <return>  to quit.

Missing character: There is no b in font nullfont!
Missing character: There is no i in font nullfont!
Missing character: There is no b in font nullfont!
Missing character: There is no o in font nullfont!
Missing character: There is no c in font nullfont!
Missing character: There is no o in font nullfont!
Missing character: There is no t in font nullfont!
Missing character: There is no r in font nullfont!

! Package inputenc Error: Unicode character ∆∞ (U+01B0)
(inputenc)                not set up for use with LaTeX.

See the inputenc package documentation for explanation.
Type  H <return>  for immediate help.
 ...                                              
                                                  
l.4 ·ªû b√†i b√°o c√°o tr∆∞
                           ·ªõc em ƒë√£ tr√¨nh b√†i m·ªôt c√°i t·ªïng qu√°t ...

You may provide a definition with
\DeclareUnicodeCharacter 


! Package inputenc Error: Unicode character ·ªõ (U+1EDB)
(inputenc)                not set up for use with LaTeX.

See the inputenc package documentation for explanation.
Type  H <return>  for immediate help.
 ...                                              
                                                  
l.4 ·ªû b√†i b√°o c√°o tr∆∞·ªõ
                              c em ƒë√£ tr√¨nh b√†i m·ªôt c√°i t·ªïng qu√°t ...

You may provide a definition with
\DeclareUnicodeCharacter 

Missing character: There is no c in font nullfont!
Missing character: There is no e in font nullfont!
Missing character: There is no m in font nullfont!

! LaTeX Error: Command \dj unavailable in encoding .

See the LaTeX manual or LaTeX Companion for explanation.
Type  H <return>  for immediate help.
 ...                                              
                                                  
l.4 ·ªû b√†i b√°o c√°o tr∆∞·ªõc em ƒë
                                     √£ tr√¨nh b√†i m·ªôt c√°i t·ªïng qu√°t ...

Your command was ignored.
Type  I <command> <return>  to replace it with another command,
or  <return>  to continue without it.

Missing character: There is no t in font nullfont!
Missing character: There is no r in font nullfont!
Missing character: There is no n in font nullfont!
Missing character: There is no h in font nullfont!
Missing character: There is no b in font nullfont!
Missing character: There is no i in font nullfont!
Missing character: There is no m in font nullfont!

! Package inputenc Error: Unicode character ·ªô (U+1ED9)
(inputenc)                not set up for use with LaTeX.

See the inputenc package documentation for explanation.
Type  H <return>  for immediate help.
 ...                                              
                                                  
l.4 ...b√°o c√°o tr∆∞·ªõc em ƒë√£ tr√¨nh b√†i m·ªô
                                                  t c√°i t·ªïng qu√°t v√† kh...

You may provide a definition with
\DeclareUnicodeCharacter 

Missing character: There is no t in font nullfont!
Missing character: There is no c in font nullfont!
Missing character: There is no i in font nullfont!
Missing character: There is no t in font nullfont!

! Package inputenc Error: Unicode character ·ªï (U+1ED5)
(inputenc)                not set up for use with LaTeX.

See the inputenc package documentation for explanation.
Type  H <return>  for immediate help.
 ...                                              
                                                  
l.4 ...r∆∞·ªõc em ƒë√£ tr√¨nh b√†i m·ªôt c√°i t·ªï
                                                  ng qu√°t v√† kh√°i l∆∞·ª£t...

You may provide a definition with
\DeclareUnicodeCharacter 

Missing character: There is no n in font nullfont!
Missing character: There is no g in font nullfont!
Missing character: There is no q in font nullfont!
Missing character: There is no u in font nullfont!
Missing character: There is no t in font nullfont!
Missing character: There is no v in font nullfont!
Missing character: There is no k in font nullfont!
Missing character: There is no h in font nullfont!
Missing character: There is no i in font nullfont!
Missing character: There is no l in font nullfont!

! Package inputenc Error: Unicode character ∆∞ (U+01B0)
(inputenc)                not set up for use with LaTeX.

See the inputenc package documentation for explanation.
Type  H <return>  for immediate help.
 ...                                              
                                                  
l.4 ... b√†i m·ªôt c√°i t·ªïng qu√°t v√† kh√°i l∆∞
                                                  ·ª£t c√°c n·ªôi dung v·ªÅ
You may provide a definition with
\DeclareUnicodeCharacter 


! Package inputenc Error: Unicode character ·ª£ (U+1EE3)
(inputenc)                not set up for use with LaTeX.

See the inputenc package documentation for explanation.
Type  H <return>  for immediate help.
 ...                                              
                                                  
l.4 ...†i m·ªôt c√°i t·ªïng qu√°t v√† kh√°i l∆∞·ª£
                                                  t c√°c n·ªôi dung v·ªÅ
You may provide a definition with
\DeclareUnicodeCharacter 

Missing character: There is no t in font nullfont!
Missing character: There is no c in font nullfont!
Missing character: There is no c in font nullfont!
Missing character: There is no n in font nullfont!

! Package inputenc Error: Unicode character ·ªô (U+1ED9)
(inputenc)                not set up for use with LaTeX.

See the inputenc package documentation for explanation.
Type  H <return>  for immediate help.
 ...                                              
                                                  
l.4 ...°i t·ªïng qu√°t v√† kh√°i l∆∞·ª£t c√°c n·ªô
                                                  i dung v·ªÅ
You may provide a definition with
\DeclareUnicodeCharacter 

Missing character: There is no i in font nullfont!
Missing character: There is no d in font nullfont!
Missing character: There is no u in font nullfont!
Missing character: There is no n in font nullfont!
Missing character: There is no g in font nullfont!
Missing character: There is no v in font nullfont!

! Package inputenc Error: Unicode character ·ªÅ (U+1EC1)
(inputenc)                not set up for use with LaTeX.

See the inputenc package documentation for explanation.
Type  H <return>  for immediate help.
 ...                                              
                                                  
l.4 ...u√°t v√† kh√°i l∆∞·ª£t c√°c n·ªôi dung v·ªÅ
                                                  
You may provide a definition with
\DeclareUnicodeCharacter 

Missing character: There is no T in font nullfont!
Missing character: There is no i in font nullfont!
Missing character: There is no m in font nullfont!
Missing character: There is no e in font nullfont!
Missing character: There is no s in font nullfont!
Missing character: There is no e in font nullfont!
Missing character: There is no r in font nullfont!
Missing character: There is no i in font nullfont!
Missing character: There is no e in font nullfont!
Missing character: There is no s in font nullfont!
Missing character: There is no f in font nullfont!
Missing character: There is no o in font nullfont!
Missing character: There is no r in font nullfont!
Missing character: There is no e in font nullfont!
Missing character: There is no c in font nullfont!
Missing character: There is no a in font nullfont!
Missing character: There is no s in font nullfont!
Missing character: There is no t in font nullfont!
Missing character: There is no i in font nullfont!
Missing character: There is no n in font nullfont!
Missing character: There is no g in font nullfont!
Missing character: There is no . in font nullfont!
Missing character: There is no T in font nullfont!
Missing character: There is no h in font nullfont!

! Package inputenc Error: Unicode character ·∫ø (U+1EBF)
(inputenc)                not set up for use with LaTeX.

See the inputenc package documentation for explanation.
Type  H <return>  for immediate help.
 ...                                              
                                                  
l.5 Time series forecasting. Th·∫ø
                                   n√™n, trong b√†i b√°o c√°o n√†y em s·∫Ω t...

You may provide a definition with
\DeclareUnicodeCharacter 

Missing character: There is no n in font nullfont!
Missing character: There is no n in font nullfont!
Missing character: There is no , in font nullfont!
Missing character: There is no t in font nullfont!
Missing character: There is no r in font nullfont!
Missing character: There is no o in font nullfont!
Missing character: There is no n in font nullfont!
Missing character: There is no g in font nullfont!
Missing character: There is no b in font nullfont!
Missing character: There is no i in font nullfont!
Missing character: There is no b in font nullfont!
Missing character: There is no o in font nullfont!
Missing character: There is no c in font nullfont!
Missing character: There is no o in font nullfont!
Missing character: There is no n in font nullfont!
Missing character: There is no y in font nullfont!
Missing character: There is no e in font nullfont!
Missing character: There is no m in font nullfont!
Missing character: There is no s in font nullfont!

! Package inputenc Error: Unicode character ·∫Ω (U+1EBD)
(inputenc)                not set up for use with LaTeX.

See the inputenc package documentation for explanation.
Type  H <return>  for immediate help.
 ...                                              
                                                  
l.5 ...·∫ø n√™n, trong b√†i b√°o c√°o n√†y em s·∫Ω
                                                   tr√¨nh b√†y m·ªôt ch√∫t
You may provide a definition with
\DeclareUnicodeCharacter 

Missing character: There is no t in font nullfont!
Missing character: There is no r in font nullfont!
Missing character: There is no n in font nullfont!
Missing character: There is no h in font nullfont!
Missing character: There is no b in font nullfont!
Missing character: There is no y in font nullfont!
Missing character: There is no m in font nullfont!

! Package inputenc Error: Unicode character ·ªô (U+1ED9)
(inputenc)                not set up for use with LaTeX.

See the inputenc package documentation for explanation.
Type  H <return>  for immediate help.
 ...                                              
                                                  
l.5 ...√†i b√°o c√°o n√†y em s·∫Ω tr√¨nh b√†y m·ªô
                                                  t ch√∫t
You may provide a definition with
\DeclareUnicodeCharacter 

Missing character: There is no t in font nullfont!
Missing character: There is no c in font nullfont!
Missing character: There is no h in font nullfont!
Missing character: There is no t in font nullfont!
Missing character: There is no c in font nullfont!

! Package inputenc Error: Unicode character ·ª• (U+1EE5)
(inputenc)                not set up for use with LaTeX.

See the inputenc package documentation for explanation.
Type  H <return>  for immediate help.
 ...                                              
                                                  
l.6 c·ª•
         th·ªÉ h∆°n, chi ti·∫øt h∆°n th√¥ng qua c√°c m√¥ h√¨nh d·ª± b√°o ƒë∆...

You may provide a definition with
\DeclareUnicodeCharacter 

Missing character: There is no t in font nullfont!
Missing character: There is no h in font nullfont!

! Package inputenc Error: Unicode character ·ªÉ (U+1EC3)
(inputenc)                not set up for use with LaTeX.

See the inputenc package documentation for explanation.
Type  H <return>  for immediate help.
 ...                                              
                                                  
l.6 c·ª• th·ªÉ
               h∆°n, chi ti·∫øt h∆°n th√¥ng qua c√°c m√¥ h√¨nh d·ª± b√°o ƒë∆...

You may provide a definition with
\DeclareUnicodeCharacter 

Missing character: There is no h in font nullfont!

! Package inputenc Error: Unicode character ∆° (U+01A1)
(inputenc)                not set up for use with LaTeX.

See the inputenc package documentation for explanation.
Type  H <return>  for immediate help.
 ...                                              
                                                  
l.6 c·ª• th·ªÉ h∆°
                  n, chi ti·∫øt h∆°n th√¥ng qua c√°c m√¥ h√¨nh d·ª± b√°o ƒë∆...

You may provide a definition with
\DeclareUnicodeCharacter 

Missing character: There is no n in font nullfont!
Missing character: There is no , in font nullfont!
Missing character: There is no c in font nullfont!
Missing character: There is no h in font nullfont!
Missing character: There is no i in font nullfont!
Missing character: There is no t in font nullfont!
Missing character: There is no i in font nullfont!

! Package inputenc Error: Unicode character ·∫ø (U+1EBF)
(inputenc)                not set up for use with LaTeX.

See the inputenc package documentation for explanation.
Type  H <return>  for immediate help.
 ...                                              
                                                  
l.6 c·ª• th·ªÉ h∆°n, chi ti·∫ø
                              t h∆°n th√¥ng qua c√°c m√¥ h√¨nh d·ª± b√°o ƒë∆...

You may provide a definition with
\DeclareUnicodeCharacter 

Missing character: There is no t in font nullfont!
Missing character: There is no h in font nullfont!

! Package inputenc Error: Unicode character ∆° (U+01A1)
(inputenc)                not set up for use with LaTeX.

See the inputenc package documentation for explanation.
Type  H <return>  for immediate help.
 ...                                              
                                                  
l.6 c·ª• th·ªÉ h∆°n, chi ti·∫øt h∆°
                                   n th√¥ng qua c√°c m√¥ h√¨nh d·ª± b√°o ƒë∆...

You may provide a definition with
\DeclareUnicodeCharacter 

Missing character: There is no n in font nullfont!
Missing character: There is no t in font nullfont!
Missing character: There is no h in font nullfont!
Missing character: There is no n in font nullfont!
Missing character: There is no g in font nullfont!
Missing character: There is no q in font nullfont!
Missing character: There is no u in font nullfont!
Missing character: There is no a in font nullfont!
Missing character: There is no c in font nullfont!
Missing character: There is no c in font nullfont!
Missing character: There is no m in font nullfont!
Missing character: There is no h in font nullfont!
Missing character: There is no n in font nullfont!
Missing character: There is no h in font nullfont!
Missing character: There is no d in font nullfont!

! Package inputenc Error: Unicode character ·ª± (U+1EF1)
(inputenc)                not set up for use with LaTeX.

See the inputenc package documentation for explanation.
Type  H <return>  for immediate help.
 ...                                              
                                                  
l.6 ... ti·∫øt h∆°n th√¥ng qua c√°c m√¥ h√¨nh d·ª±
                                                   b√°o ƒë∆∞·ª£c ∆∞a chu·ªôn...

You may provide a definition with
\DeclareUnicodeCharacter 

Missing character: There is no b in font nullfont!
Missing character: There is no o in font nullfont!

! LaTeX Error: Command \dj unavailable in encoding .

See the LaTeX manual or LaTeX Companion for explanation.
Type  H <return>  for immediate help.
 ...                                              
                                                  
l.6 ...h∆°n th√¥ng qua c√°c m√¥ h√¨nh d·ª± b√°o ƒë
                                                  ∆∞·ª£c ∆∞a chu·ªông v√† hi...

Your command was ignored.
Type  I <command> <return>  to replace it with another command,
or  <return>  to continue without it.


! Package inputenc Error: Unicode character ∆∞ (U+01B0)
(inputenc)                not set up for use with LaTeX.

See the inputenc package documentation for explanation.
Type  H <return>  for immediate help.
 ...                                              
                                                  
l.6 ...°n th√¥ng qua c√°c m√¥ h√¨nh d·ª± b√°o ƒë∆∞
                                                  ·ª£c ∆∞a chu·ªông v√† hi·ª...

You may provide a definition with
\DeclareUnicodeCharacter 


! Package inputenc Error: Unicode character ·ª£ (U+1EE3)
(inputenc)                not set up for use with LaTeX.

See the inputenc package documentation for explanation.
Type  H <return>  for immediate help.
 ...                                              
                                                  
l.6 ...th√¥ng qua c√°c m√¥ h√¨nh d·ª± b√°o ƒë∆∞·ª£
                                                  c ∆∞a chu·ªông v√† hi·ªáu ...

You may provide a definition with
\DeclareUnicodeCharacter 

Missing character: There is no c in font nullfont!

! Package inputenc Error: Unicode character ∆∞ (U+01B0)
(inputenc)                not set up for use with LaTeX.

See the inputenc package documentation for explanation.
Type  H <return>  for immediate help.
 ...                                              
                                                  
l.6 ...ng qua c√°c m√¥ h√¨nh d·ª± b√°o ƒë∆∞·ª£c ∆∞
                                                  a chu·ªông v√† hi·ªáu qu·∫£
You may provide a definition with
\DeclareUnicodeCharacter 

Missing character: There is no a in font nullfont!
Missing character: There is no c in font nullfont!
Missing character: There is no h in font nullfont!
Missing character: There is no u in font nullfont!

! Package inputenc Error: Unicode character ·ªô (U+1ED9)
(inputenc)                not set up for use with LaTeX.

See the inputenc package documentation for explanation.
Type  H <return>  for immediate help.
 ...                                              
                                                  
l.6 ...√°c m√¥ h√¨nh d·ª± b√°o ƒë∆∞·ª£c ∆∞a chu·ªô
                                                  ng v√† hi·ªáu qu·∫£
You may provide a definition with
\DeclareUnicodeCharacter 

Missing character: There is no n in font nullfont!
Missing character: There is no g in font nullfont!
Missing character: There is no v in font nullfont!
Missing character: There is no h in font nullfont!
Missing character: There is no i in font nullfont!

! Package inputenc Error: Unicode character ·ªá (U+1EC7)
(inputenc)                not set up for use with LaTeX.

See the inputenc package documentation for explanation.
Type  H <return>  for immediate help.
 ...                                              
                                                  
l.6 ...h d·ª± b√°o ƒë∆∞·ª£c ∆∞a chu·ªông v√† hi·ªá
                                                  u qu·∫£
You may provide a definition with
\DeclareUnicodeCharacter 

Missing character: There is no u in font nullfont!
Missing character: There is no q in font nullfont!
Missing character: There is no u in font nullfont!

! Package inputenc Error: Unicode character ·∫£ (U+1EA3)
(inputenc)                not set up for use with LaTeX.

See the inputenc package documentation for explanation.
Type  H <return>  for immediate help.
 ...                                              
                                                  
l.6 ...b√°o ƒë∆∞·ª£c ∆∞a chu·ªông v√† hi·ªáu qu·∫£
                                                  
You may provide a definition with
\DeclareUnicodeCharacter 

Missing character: There is no n in font nullfont!
Missing character: There is no h in font nullfont!

! Package inputenc Error: Unicode character ·∫• (U+1EA5)
(inputenc)                not set up for use with LaTeX.

See the inputenc package documentation for explanation.
Type  H <return>  for immediate help.
 ...                                              
                                                  
l.7 nh·∫•
         t ·ªü th·ªùi ƒëi·ªÉm hi·ªán t·∫°i. Sau ƒë√≥, ƒë√°nh gi√° c√°c m√¥ h...

You may provide a definition with
\DeclareUnicodeCharacter 

Missing character: There is no t in font nullfont!

! Package inputenc Error: Unicode character ·ªü (U+1EDF)
(inputenc)                not set up for use with LaTeX.

See the inputenc package documentation for explanation.
Type  H <return>  for immediate help.
 ...                                              
                                                  
l.7 nh·∫•t ·ªü
               th·ªùi ƒëi·ªÉm hi·ªán t·∫°i. Sau ƒë√≥, ƒë√°nh gi√° c√°c m√¥ h...

You may provide a definition with
\DeclareUnicodeCharacter 

Missing character: There is no t in font nullfont!
Missing character: There is no h in font nullfont!

! Package inputenc Error: Unicode character ·ªù (U+1EDD)
(inputenc)                not set up for use with LaTeX.

See the inputenc package documentation for explanation.
Type  H <return>  for immediate help.
 ...                                              
                                                  
l.7 nh·∫•t ·ªü th·ªù
                    i ƒëi·ªÉm hi·ªán t·∫°i. Sau ƒë√≥, ƒë√°nh gi√° c√°c m√¥ h...

You may provide a definition with
\DeclareUnicodeCharacter 

Missing character: There is no i in font nullfont!

! LaTeX Error: Command \dj unavailable in encoding .

See the LaTeX manual or LaTeX Companion for explanation.
Type  H <return>  for immediate help.
 ...                                              
                                                  
l.7 nh·∫•t ·ªü th·ªùi ƒë
                        i·ªÉm hi·ªán t·∫°i. Sau ƒë√≥, ƒë√°nh gi√° c√°c m√¥ h...

Your command was ignored.
Type  I <command> <return>  to replace it with another command,
or  <return>  to continue without it.

Missing character: There is no i in font nullfont!

! Package inputenc Error: Unicode character ·ªÉ (U+1EC3)
(inputenc)                not set up for use with LaTeX.

See the inputenc package documentation for explanation.
Type  H <return>  for immediate help.
 ...                                              
                                                  
l.7 nh·∫•t ·ªü th·ªùi ƒëi·ªÉ
                            m hi·ªán t·∫°i. Sau ƒë√≥, ƒë√°nh gi√° c√°c m√¥ h...

You may provide a definition with
\DeclareUnicodeCharacter 

Missing character: There is no m in font nullfont!
Missing character: There is no h in font nullfont!
Missing character: There is no i in font nullfont!

! Package inputenc Error: Unicode character ·ªá (U+1EC7)
(inputenc)                not set up for use with LaTeX.

See the inputenc package documentation for explanation.
Type  H <return>  for immediate help.
 ...                                              
                                                  
l.7 nh·∫•t ·ªü th·ªùi ƒëi·ªÉm hi·ªá
                                   n t·∫°i. Sau ƒë√≥, ƒë√°nh gi√° c√°c m√¥ h...

You may provide a definition with
\DeclareUnicodeCharacter 

Missing character: There is no n in font nullfont!
Missing character: There is no t in font nullfont!

! Package inputenc Error: Unicode character ·∫° (U+1EA1)
(inputenc)                not set up for use with LaTeX.

See the inputenc package documentation for explanation.
Type  H <return>  for immediate help.
 ...                                              
                                                  
l.7 nh·∫•t ·ªü th·ªùi ƒëi·ªÉm hi·ªán t·∫°
                                         i. Sau ƒë√≥, ƒë√°nh gi√° c√°c m√¥ h...

You may provide a definition with
\DeclareUnicodeCharacter 

Missing character: There is no i in font nullfont!
Missing character: There is no . in font nullfont!
Missing character: There is no S in font nullfont!
Missing character: There is no a in font nullfont!
Missing character: There is no u in font nullfont!

! LaTeX Error: Command \dj unavailable in encoding .

See the LaTeX manual or LaTeX Companion for explanation.
Type  H <return>  for immediate help.
 ...                                              
                                                  
l.7 nh·∫•t ·ªü th·ªùi ƒëi·ªÉm hi·ªán t·∫°i. Sau ƒë
                                                  √≥, ƒë√°nh gi√° c√°c m√¥ h...

Your command was ignored.
Type  I <command> <return>  to replace it with another command,
or  <return>  to continue without it.

Missing character: There is no , in font nullfont!

! LaTeX Error: Command \dj unavailable in encoding .

See the LaTeX manual or LaTeX Companion for explanation.
Type  H <return>  for immediate help.
 ...                                              
                                                  
l.7 ...ü th·ªùi ƒëi·ªÉm hi·ªán t·∫°i. Sau ƒë√≥, ƒë
                                                  √°nh gi√° c√°c m√¥ h√¨nh t...

Your command was ignored.
Type  I <command> <return>  to replace it with another command,
or  <return>  to continue without it.

Missing character: There is no n in font nullfont!
Missing character: There is no h in font nullfont!
Missing character: There is no g in font nullfont!
Missing character: There is no i in font nullfont!
Missing character: There is no c in font nullfont!
Missing character: There is no c in font nullfont!
Missing character: There is no m in font nullfont!
Missing character: There is no h in font nullfont!
Missing character: There is no n in font nullfont!
Missing character: There is no h in font nullfont!
Missing character: There is no t in font nullfont!
Missing character: There is no r in font nullfont!
Missing character: There is no o in font nullfont!
Missing character: There is no n in font nullfont!
Missing character: There is no g in font nullfont!
Missing character: There is no m in font nullfont!

! Package inputenc Error: Unicode character ·ªô (U+1ED9)
(inputenc)                not set up for use with LaTeX.

See the inputenc package documentation for explanation.
Type  H <return>  for immediate help.
 ...                                              
                                                  
l.7 ...ƒë√≥, ƒë√°nh gi√° c√°c m√¥ h√¨nh trong m·ªô
                                                  t v√≠ d·ª• th·ª±c ti·ªÖn.
You may provide a definition with
\DeclareUnicodeCharacter 

Missing character: There is no t in font nullfont!
Missing character: There is no v in font nullfont!
Missing character: There is no d in font nullfont!

! Package inputenc Error: Unicode character ·ª• (U+1EE5)
(inputenc)                not set up for use with LaTeX.

See the inputenc package documentation for explanation.
Type  H <return>  for immediate help.
 ...                                              
                                                  
l.7 ...nh gi√° c√°c m√¥ h√¨nh trong m·ªôt v√≠ d·ª•
                                                   th·ª±c ti·ªÖn.
You may provide a definition with
\DeclareUnicodeCharacter 

Missing character: There is no t in font nullfont!
Missing character: There is no h in font nullfont!

! Package inputenc Error: Unicode character ·ª± (U+1EF1)
(inputenc)                not set up for use with LaTeX.

See the inputenc package documentation for explanation.
Type  H <return>  for immediate help.
 ...                                              
                                                  
l.7 ...° c√°c m√¥ h√¨nh trong m·ªôt v√≠ d·ª• th·ª±
                                                  c ti·ªÖn.
You may provide a definition with
\DeclareUnicodeCharacter 

Missing character: There is no c in font nullfont!
Missing character: There is no t in font nullfont!
Missing character: There is no i in font nullfont!

! Package inputenc Error: Unicode character ·ªÖ (U+1EC5)
(inputenc)                not set up for use with LaTeX.

See the inputenc package documentation for explanation.
Type  H <return>  for immediate help.
 ...                                              
                                                  
l.7 ...m√¥ h√¨nh trong m·ªôt v√≠ d·ª• th·ª±c ti·ªÖ
                                                  n.
You may provide a definition with
\DeclareUnicodeCharacter 

Missing character: There is no n in font nullfont!
Missing character: There is no . in font nullfont!
)
! Emergency stop.
<*> tomtat.tex
              
*** (job aborted, no legal \end found)

 
Here is how much of TeX's memory you used:
 55 strings out of 481239
 644 string characters out of 5920377
 236559 words of memory out of 5000000
 15422 multiletter control sequences out of 15000+600000
 532338 words of font info for 24 fonts, out of 8000000 for 9000
 1141 hyphenation exceptions out of 8191
 17i,1n,16p,152b,88s stack positions out of 5000i,500n,10000p,200000b,80000s
!  ==> Fatal error occurred, no output PDF file produced!
